#! /usr/share/iverilog-0.9.7/bin/vvp
:ivl_version "0.9.7 " "(v0_9_6)";
:vpi_time_precision - 12;
:vpi_module "system";
:vpi_module "v2005_math";
:vpi_module "va_math";
S_0x1661850 .scope module, "partA_test_bench" "partA_test_bench" 2 4;
 .timescale -9 -12;
v0x16b6a20_0 .net "an0", 0 0, v0x16b5ef0_0; 1 drivers
v0x16b6ad0_0 .net "an1", 0 0, v0x16b5fb0_0; 1 drivers
v0x16b6b80_0 .net "an2", 0 0, v0x16b6050_0; 1 drivers
v0x16b6c30_0 .net "an3", 0 0, v0x16b60f0_0; 1 drivers
v0x16b6d10_0 .var "clk", 0 0;
v0x16b6d90_0 .var "data", 15 0;
v0x16b6e10_0 .net "display", 6 0, v0x1676c80_0; 1 drivers
v0x16b6ee0_0 .var "reset", 0 0;
L_0x16b7000 .part v0x16b6d90_0, 12, 4;
L_0x16b70a0 .part v0x16b6d90_0, 8, 4;
L_0x16b7190 .part v0x16b6d90_0, 4, 4;
L_0x16b7230 .part v0x16b6d90_0, 0, 4;
S_0x1661700 .scope module, "test_anodes" "anode" 2 14, 3 65, S_0x1661850;
 .timescale -9 -12;
v0x16b5ef0_0 .var "an0", 0 0;
v0x16b5fb0_0 .var "an1", 0 0;
v0x16b6050_0 .var "an2", 0 0;
v0x16b60f0_0 .var "an3", 0 0;
v0x16b61a0_0 .net "anode_clk", 0 0, v0x16b5ba0_0; 1 drivers
v0x16b6250_0 .net "char0", 3 0, L_0x16b7230; 1 drivers
v0x16b6310_0 .net "char1", 3 0, L_0x16b7190; 1 drivers
v0x16b63b0_0 .net "char2", 3 0, L_0x16b70a0; 1 drivers
v0x16b64a0_0 .net "char3", 3 0, L_0x16b7000; 1 drivers
v0x16b6540_0 .net "clk", 0 0, v0x16b6d10_0; 1 drivers
v0x16b6620_0 .var "cur_state", 3 0;
v0x16b66a0_0 .var "decoder_data", 3 0;
v0x16b67c0_0 .alias "display", 6 0, v0x16b6e10_0;
v0x16b6870_0 .var "next_state", 3 0;
v0x16b6970_0 .net "reset", 0 0, v0x16b6ee0_0; 1 drivers
E_0x167da70 .event edge, v0x16b6620_0;
E_0x1676910/0 .event negedge, v0x16b5e50_0;
E_0x1676910/1 .event posedge, v0x16b5ba0_0;
E_0x1676910 .event/or E_0x1676910/0, E_0x1676910/1;
S_0x16b5900 .scope module, "led_timer_module" "led_timer" 3 78, 3 34, S_0x1661700;
 .timescale -9 -12;
v0x16b5ba0_0 .var "anode_clk", 0 0;
v0x16b5c60_0 .alias "clk", 0 0, v0x16b6540_0;
v0x16b5d00_0 .var "cur_state", 3 0;
v0x16b5da0_0 .var "next_state", 3 0;
v0x16b5e50_0 .alias "reset", 0 0, v0x16b6970_0;
E_0x16b59f0 .event edge, v0x16b5d00_0;
E_0x16b5a60/0 .event negedge, v0x16b5e50_0;
E_0x16b5a60/1 .event posedge, v0x16b5c60_0;
E_0x16b5a60 .event/or E_0x16b5a60/0, E_0x16b5a60/1;
S_0x16b5ab0 .scope begin, "COUNTER" "COUNTER" 3 42, 3 42, S_0x16b5900;
 .timescale -9 -12;
S_0x167d010 .scope module, "decoder_module" "LEDdecoder" 3 79, 3 4, S_0x1661700;
 .timescale -9 -12;
v0x1676c80_0 .var "LED", 6 0;
v0x16b5860_0 .net "char", 3 0, v0x16b66a0_0; 1 drivers
E_0x1673fa0 .event edge, v0x16b5860_0;
S_0x167d310 .scope begin, "NEXT_STATE_LOGIC" "NEXT_STATE_LOGIC" 3 93, 3 93, S_0x1661700;
 .timescale -9 -12;
S_0x167d7c0 .scope begin, "OUTPUT_LOGIC" "OUTPUT_LOGIC" 3 98, 3 98, S_0x1661700;
 .timescale -9 -12;
    .scope S_0x16b5900;
T_0 ;
    %wait E_0x16b5a60;
    %fork t_1, S_0x16b5ab0;
    %jmp t_0;
    .scope S_0x16b5ab0;
t_1 ;
    %load/v 8, v0x16b5e50_0, 1;
    %inv 8, 1;
    %jmp/0xz  T_0.0, 8;
    %ix/load 0, 4, 0;
    %assign/v0 v0x16b5d00_0, 0, 0;
    %jmp T_0.1;
T_0.0 ;
    %load/v 8, v0x16b5da0_0, 4;
    %ix/load 0, 4, 0;
    %assign/v0 v0x16b5d00_0, 0, 8;
T_0.1 ;
    %end;
    .scope S_0x16b5900;
t_0 %join;
    %jmp T_0;
    .thread T_0;
    .scope S_0x16b5900;
T_1 ;
    %wait E_0x16b59f0;
    %load/v 8, v0x16b5d00_0, 4;
    %mov 12, 0, 28;
    %addi 8, 1, 32;
    %ix/load 0, 4, 0;
    %assign/v0 v0x16b5da0_0, 0, 8;
    %jmp T_1;
    .thread T_1, $push;
    .scope S_0x16b5900;
T_2 ;
    %wait E_0x16b59f0;
    %load/v 8, v0x16b5d00_0, 4;
    %mov 12, 0, 2;
    %cmpi/u 8, 15, 6;
    %jmp/0xz  T_2.0, 4;
    %ix/load 0, 1, 0;
    %assign/v0 v0x16b5ba0_0, 0, 1;
    %jmp T_2.1;
T_2.0 ;
    %ix/load 0, 1, 0;
    %assign/v0 v0x16b5ba0_0, 0, 0;
T_2.1 ;
    %jmp T_2;
    .thread T_2, $push;
    .scope S_0x167d010;
T_3 ;
    %wait E_0x1673fa0;
    %load/v 8, v0x16b5860_0, 4;
    %cmpi/u 8, 0, 4;
    %jmp/1 T_3.0, 6;
    %cmpi/u 8, 1, 4;
    %jmp/1 T_3.1, 6;
    %cmpi/u 8, 2, 4;
    %jmp/1 T_3.2, 6;
    %cmpi/u 8, 3, 4;
    %jmp/1 T_3.3, 6;
    %cmpi/u 8, 4, 4;
    %jmp/1 T_3.4, 6;
    %cmpi/u 8, 5, 4;
    %jmp/1 T_3.5, 6;
    %cmpi/u 8, 6, 4;
    %jmp/1 T_3.6, 6;
    %cmpi/u 8, 7, 4;
    %jmp/1 T_3.7, 6;
    %cmpi/u 8, 8, 4;
    %jmp/1 T_3.8, 6;
    %cmpi/u 8, 9, 4;
    %jmp/1 T_3.9, 6;
    %cmpi/u 8, 10, 4;
    %jmp/1 T_3.10, 6;
    %cmpi/u 8, 11, 4;
    %jmp/1 T_3.11, 6;
    %cmpi/u 8, 12, 4;
    %jmp/1 T_3.12, 6;
    %movi 8, 56, 7;
    %set/v v0x1676c80_0, 8, 7;
    %jmp T_3.14;
T_3.0 ;
    %movi 8, 1, 7;
    %set/v v0x1676c80_0, 8, 7;
    %jmp T_3.14;
T_3.1 ;
    %movi 8, 79, 7;
    %set/v v0x1676c80_0, 8, 7;
    %jmp T_3.14;
T_3.2 ;
    %movi 8, 18, 7;
    %set/v v0x1676c80_0, 8, 7;
    %jmp T_3.14;
T_3.3 ;
    %movi 8, 6, 7;
    %set/v v0x1676c80_0, 8, 7;
    %jmp T_3.14;
T_3.4 ;
    %movi 8, 76, 7;
    %set/v v0x1676c80_0, 8, 7;
    %jmp T_3.14;
T_3.5 ;
    %movi 8, 36, 7;
    %set/v v0x1676c80_0, 8, 7;
    %jmp T_3.14;
T_3.6 ;
    %movi 8, 32, 7;
    %set/v v0x1676c80_0, 8, 7;
    %jmp T_3.14;
T_3.7 ;
    %movi 8, 15, 7;
    %set/v v0x1676c80_0, 8, 7;
    %jmp T_3.14;
T_3.8 ;
    %set/v v0x1676c80_0, 0, 7;
    %jmp T_3.14;
T_3.9 ;
    %movi 8, 12, 7;
    %set/v v0x1676c80_0, 8, 7;
    %jmp T_3.14;
T_3.10 ;
    %movi 8, 126, 7;
    %set/v v0x1676c80_0, 8, 7;
    %jmp T_3.14;
T_3.11 ;
    %movi 8, 56, 7;
    %set/v v0x1676c80_0, 8, 7;
    %jmp T_3.14;
T_3.12 ;
    %set/v v0x1676c80_0, 1, 7;
    %jmp T_3.14;
T_3.14 ;
    %jmp T_3;
    .thread T_3, $push;
    .scope S_0x1661700;
T_4 ;
    %wait E_0x1676910;
    %load/v 8, v0x16b6970_0, 1;
    %inv 8, 1;
    %jmp/0xz  T_4.0, 8;
    %ix/load 0, 4, 0;
    %assign/v0 v0x16b6620_0, 0, 1;
    %jmp T_4.1;
T_4.0 ;
    %load/v 8, v0x16b6870_0, 4;
    %ix/load 0, 4, 0;
    %assign/v0 v0x16b6620_0, 0, 8;
T_4.1 ;
    %jmp T_4;
    .thread T_4;
    .scope S_0x1661700;
T_5 ;
    %wait E_0x167da70;
    %fork t_3, S_0x167d310;
    %jmp t_2;
    .scope S_0x167d310;
t_3 ;
    %load/v 8, v0x16b6620_0, 4;
    %mov 12, 0, 28;
    %subi 8, 1, 32;
    %ix/load 0, 4, 0;
    %assign/v0 v0x16b6870_0, 0, 8;
    %end;
    .scope S_0x1661700;
t_2 %join;
    %jmp T_5;
    .thread T_5, $push;
    .scope S_0x1661700;
T_6 ;
    %wait E_0x167da70;
    %fork t_5, S_0x167d7c0;
    %jmp t_4;
    .scope S_0x167d7c0;
t_5 ;
    %load/v 8, v0x16b6620_0, 4;
    %cmpi/u 8, 15, 4;
    %jmp/1 T_6.0, 6;
    %cmpi/u 8, 14, 4;
    %jmp/1 T_6.1, 6;
    %cmpi/u 8, 13, 4;
    %jmp/1 T_6.2, 6;
    %cmpi/u 8, 12, 4;
    %jmp/1 T_6.3, 6;
    %cmpi/u 8, 11, 4;
    %jmp/1 T_6.4, 6;
    %cmpi/u 8, 10, 4;
    %jmp/1 T_6.5, 6;
    %cmpi/u 8, 9, 4;
    %jmp/1 T_6.6, 6;
    %cmpi/u 8, 8, 4;
    %jmp/1 T_6.7, 6;
    %cmpi/u 8, 7, 4;
    %jmp/1 T_6.8, 6;
    %cmpi/u 8, 6, 4;
    %jmp/1 T_6.9, 6;
    %cmpi/u 8, 5, 4;
    %jmp/1 T_6.10, 6;
    %cmpi/u 8, 4, 4;
    %jmp/1 T_6.11, 6;
    %cmpi/u 8, 3, 4;
    %jmp/1 T_6.12, 6;
    %cmpi/u 8, 2, 4;
    %jmp/1 T_6.13, 6;
    %cmpi/u 8, 1, 4;
    %jmp/1 T_6.14, 6;
    %cmpi/u 8, 0, 4;
    %jmp/1 T_6.15, 6;
    %jmp T_6.16;
T_6.0 ;
    %load/v 8, v0x16b64a0_0, 4;
    %ix/load 0, 4, 0;
    %assign/v0 v0x16b66a0_0, 0, 8;
    %ix/load 0, 1, 0;
    %assign/v0 v0x16b60f0_0, 0, 1;
    %ix/load 0, 1, 0;
    %assign/v0 v0x16b6050_0, 0, 1;
    %ix/load 0, 1, 0;
    %assign/v0 v0x16b5fb0_0, 0, 1;
    %ix/load 0, 1, 0;
    %assign/v0 v0x16b5ef0_0, 0, 1;
    %jmp T_6.16;
T_6.1 ;
    %load/v 8, v0x16b64a0_0, 4;
    %ix/load 0, 4, 0;
    %assign/v0 v0x16b66a0_0, 0, 8;
    %ix/load 0, 1, 0;
    %assign/v0 v0x16b60f0_0, 0, 0;
    %ix/load 0, 1, 0;
    %assign/v0 v0x16b6050_0, 0, 1;
    %ix/load 0, 1, 0;
    %assign/v0 v0x16b5fb0_0, 0, 1;
    %ix/load 0, 1, 0;
    %assign/v0 v0x16b5ef0_0, 0, 1;
    %jmp T_6.16;
T_6.2 ;
    %load/v 8, v0x16b64a0_0, 4;
    %ix/load 0, 4, 0;
    %assign/v0 v0x16b66a0_0, 0, 8;
    %ix/load 0, 1, 0;
    %assign/v0 v0x16b60f0_0, 0, 1;
    %ix/load 0, 1, 0;
    %assign/v0 v0x16b6050_0, 0, 1;
    %ix/load 0, 1, 0;
    %assign/v0 v0x16b5fb0_0, 0, 1;
    %ix/load 0, 1, 0;
    %assign/v0 v0x16b5ef0_0, 0, 1;
    %jmp T_6.16;
T_6.3 ;
    %load/v 8, v0x16b64a0_0, 4;
    %ix/load 0, 4, 0;
    %assign/v0 v0x16b66a0_0, 0, 8;
    %ix/load 0, 1, 0;
    %assign/v0 v0x16b60f0_0, 0, 1;
    %ix/load 0, 1, 0;
    %assign/v0 v0x16b6050_0, 0, 1;
    %ix/load 0, 1, 0;
    %assign/v0 v0x16b5fb0_0, 0, 1;
    %ix/load 0, 1, 0;
    %assign/v0 v0x16b5ef0_0, 0, 1;
    %jmp T_6.16;
T_6.4 ;
    %load/v 8, v0x16b63b0_0, 4;
    %ix/load 0, 4, 0;
    %assign/v0 v0x16b66a0_0, 0, 8;
    %ix/load 0, 1, 0;
    %assign/v0 v0x16b60f0_0, 0, 1;
    %ix/load 0, 1, 0;
    %assign/v0 v0x16b6050_0, 0, 1;
    %ix/load 0, 1, 0;
    %assign/v0 v0x16b5fb0_0, 0, 1;
    %ix/load 0, 1, 0;
    %assign/v0 v0x16b5ef0_0, 0, 1;
    %jmp T_6.16;
T_6.5 ;
    %load/v 8, v0x16b63b0_0, 4;
    %ix/load 0, 4, 0;
    %assign/v0 v0x16b66a0_0, 0, 8;
    %ix/load 0, 1, 0;
    %assign/v0 v0x16b60f0_0, 0, 1;
    %ix/load 0, 1, 0;
    %assign/v0 v0x16b6050_0, 0, 0;
    %ix/load 0, 1, 0;
    %assign/v0 v0x16b5fb0_0, 0, 1;
    %ix/load 0, 1, 0;
    %assign/v0 v0x16b5ef0_0, 0, 1;
    %jmp T_6.16;
T_6.6 ;
    %load/v 8, v0x16b63b0_0, 4;
    %ix/load 0, 4, 0;
    %assign/v0 v0x16b66a0_0, 0, 8;
    %ix/load 0, 1, 0;
    %assign/v0 v0x16b60f0_0, 0, 1;
    %ix/load 0, 1, 0;
    %assign/v0 v0x16b6050_0, 0, 1;
    %ix/load 0, 1, 0;
    %assign/v0 v0x16b5fb0_0, 0, 1;
    %ix/load 0, 1, 0;
    %assign/v0 v0x16b5ef0_0, 0, 1;
    %jmp T_6.16;
T_6.7 ;
    %load/v 8, v0x16b63b0_0, 4;
    %ix/load 0, 4, 0;
    %assign/v0 v0x16b66a0_0, 0, 8;
    %ix/load 0, 1, 0;
    %assign/v0 v0x16b60f0_0, 0, 1;
    %ix/load 0, 1, 0;
    %assign/v0 v0x16b6050_0, 0, 1;
    %ix/load 0, 1, 0;
    %assign/v0 v0x16b5fb0_0, 0, 1;
    %ix/load 0, 1, 0;
    %assign/v0 v0x16b5ef0_0, 0, 1;
    %jmp T_6.16;
T_6.8 ;
    %load/v 8, v0x16b6310_0, 4;
    %ix/load 0, 4, 0;
    %assign/v0 v0x16b66a0_0, 0, 8;
    %ix/load 0, 1, 0;
    %assign/v0 v0x16b60f0_0, 0, 1;
    %ix/load 0, 1, 0;
    %assign/v0 v0x16b6050_0, 0, 1;
    %ix/load 0, 1, 0;
    %assign/v0 v0x16b5fb0_0, 0, 1;
    %ix/load 0, 1, 0;
    %assign/v0 v0x16b5ef0_0, 0, 1;
    %jmp T_6.16;
T_6.9 ;
    %load/v 8, v0x16b6310_0, 4;
    %ix/load 0, 4, 0;
    %assign/v0 v0x16b66a0_0, 0, 8;
    %ix/load 0, 1, 0;
    %assign/v0 v0x16b60f0_0, 0, 1;
    %ix/load 0, 1, 0;
    %assign/v0 v0x16b6050_0, 0, 1;
    %ix/load 0, 1, 0;
    %assign/v0 v0x16b5fb0_0, 0, 0;
    %ix/load 0, 1, 0;
    %assign/v0 v0x16b5ef0_0, 0, 1;
    %jmp T_6.16;
T_6.10 ;
    %load/v 8, v0x16b6310_0, 4;
    %ix/load 0, 4, 0;
    %assign/v0 v0x16b66a0_0, 0, 8;
    %ix/load 0, 1, 0;
    %assign/v0 v0x16b60f0_0, 0, 1;
    %ix/load 0, 1, 0;
    %assign/v0 v0x16b6050_0, 0, 1;
    %ix/load 0, 1, 0;
    %assign/v0 v0x16b5fb0_0, 0, 1;
    %ix/load 0, 1, 0;
    %assign/v0 v0x16b5ef0_0, 0, 1;
    %jmp T_6.16;
T_6.11 ;
    %load/v 8, v0x16b6310_0, 4;
    %ix/load 0, 4, 0;
    %assign/v0 v0x16b66a0_0, 0, 8;
    %ix/load 0, 1, 0;
    %assign/v0 v0x16b60f0_0, 0, 1;
    %ix/load 0, 1, 0;
    %assign/v0 v0x16b6050_0, 0, 1;
    %ix/load 0, 1, 0;
    %assign/v0 v0x16b5fb0_0, 0, 1;
    %ix/load 0, 1, 0;
    %assign/v0 v0x16b5ef0_0, 0, 1;
    %jmp T_6.16;
T_6.12 ;
    %load/v 8, v0x16b6250_0, 4;
    %ix/load 0, 4, 0;
    %assign/v0 v0x16b66a0_0, 0, 8;
    %ix/load 0, 1, 0;
    %assign/v0 v0x16b60f0_0, 0, 1;
    %ix/load 0, 1, 0;
    %assign/v0 v0x16b6050_0, 0, 1;
    %ix/load 0, 1, 0;
    %assign/v0 v0x16b5fb0_0, 0, 1;
    %ix/load 0, 1, 0;
    %assign/v0 v0x16b5ef0_0, 0, 1;
    %jmp T_6.16;
T_6.13 ;
    %load/v 8, v0x16b6250_0, 4;
    %ix/load 0, 4, 0;
    %assign/v0 v0x16b66a0_0, 0, 8;
    %ix/load 0, 1, 0;
    %assign/v0 v0x16b60f0_0, 0, 1;
    %ix/load 0, 1, 0;
    %assign/v0 v0x16b6050_0, 0, 1;
    %ix/load 0, 1, 0;
    %assign/v0 v0x16b5fb0_0, 0, 1;
    %ix/load 0, 1, 0;
    %assign/v0 v0x16b5ef0_0, 0, 0;
    %jmp T_6.16;
T_6.14 ;
    %load/v 8, v0x16b6250_0, 4;
    %ix/load 0, 4, 0;
    %assign/v0 v0x16b66a0_0, 0, 8;
    %ix/load 0, 1, 0;
    %assign/v0 v0x16b60f0_0, 0, 1;
    %ix/load 0, 1, 0;
    %assign/v0 v0x16b6050_0, 0, 1;
    %ix/load 0, 1, 0;
    %assign/v0 v0x16b5fb0_0, 0, 1;
    %ix/load 0, 1, 0;
    %assign/v0 v0x16b5ef0_0, 0, 1;
    %jmp T_6.16;
T_6.15 ;
    %load/v 8, v0x16b6250_0, 4;
    %ix/load 0, 4, 0;
    %assign/v0 v0x16b66a0_0, 0, 8;
    %ix/load 0, 1, 0;
    %assign/v0 v0x16b60f0_0, 0, 1;
    %ix/load 0, 1, 0;
    %assign/v0 v0x16b6050_0, 0, 1;
    %ix/load 0, 1, 0;
    %assign/v0 v0x16b5fb0_0, 0, 1;
    %ix/load 0, 1, 0;
    %assign/v0 v0x16b5ef0_0, 0, 1;
    %jmp T_6.16;
T_6.16 ;
    %end;
    .scope S_0x1661700;
t_4 %join;
    %jmp T_6;
    .thread T_6, $push;
    .scope S_0x1661850;
T_7 ;
    %vpi_call 2 17 "$dumpfile", "dump.vcd";
    %vpi_call 2 17 "$dumpvars";
    %movi 8, 4, 4;
    %ix/load 0, 0, 0;
    %set/x0 v0x16b6d90_0, 8, 4;
    %movi 8, 9, 4;
    %ix/load 0, 4, 0;
    %set/x0 v0x16b6d90_0, 8, 4;
    %movi 12, 1, 4;
    %ix/load 0, 8, 0;
    %set/x0 v0x16b6d90_0, 12, 4;
    %movi 12, 10, 4;
    %ix/load 0, 12, 0;
    %set/x0 v0x16b6d90_0, 12, 4;
    %set/v v0x16b6d10_0, 0, 1;
    %set/v v0x16b6ee0_0, 1, 1;
    %delay 500000, 0;
    %set/v v0x16b6ee0_0, 0, 1;
    %delay 500000, 0;
    %set/v v0x16b6ee0_0, 1, 1;
    %delay 5020000, 0;
    %ix/load 0, 0, 0;
    %set/x0 v0x16b6d90_0, 0, 4;
    %movi 8, 1, 4;
    %ix/load 0, 4, 0;
    %set/x0 v0x16b6d90_0, 8, 4;
    %movi 8, 12, 4;
    %ix/load 0, 8, 0;
    %set/x0 v0x16b6d90_0, 8, 4;
    %movi 12, 12, 4;
    %ix/load 0, 12, 0;
    %set/x0 v0x16b6d90_0, 12, 4;
    %delay 5020000, 0;
    %movi 8, 2, 4;
    %ix/load 0, 0, 0;
    %set/x0 v0x16b6d90_0, 8, 4;
    %movi 8, 3, 4;
    %ix/load 0, 4, 0;
    %set/x0 v0x16b6d90_0, 8, 4;
    %movi 8, 12, 4;
    %ix/load 0, 8, 0;
    %set/x0 v0x16b6d90_0, 8, 4;
    %movi 12, 10, 4;
    %ix/load 0, 12, 0;
    %set/x0 v0x16b6d90_0, 12, 4;
    %delay 5020000, 0;
    %movi 8, 11, 4;
    %ix/load 0, 0, 0;
    %set/x0 v0x16b6d90_0, 8, 4;
    %movi 12, 11, 4;
    %ix/load 0, 4, 0;
    %set/x0 v0x16b6d90_0, 12, 4;
    %movi 16, 11, 4;
    %ix/load 0, 8, 0;
    %set/x0 v0x16b6d90_0, 16, 4;
    %movi 20, 11, 4;
    %ix/load 0, 12, 0;
    %set/x0 v0x16b6d90_0, 20, 4;
    %delay 20000000, 0;
    %vpi_call 2 56 "$finish";
    %end;
    .thread T_7;
    .scope S_0x1661850;
T_8 ;
    %delay 10000, 0;
    %load/v 8, v0x16b6d10_0, 1;
    %inv 8, 1;
    %set/v v0x16b6d10_0, 8, 1;
    %jmp T_8;
    .thread T_8;
# The file index is used to find the file name in the following table.
:file_names 4;
    "N/A";
    "<interactive>";
    "testbench.sv";
    "design.sv";
